getting file names from:inputs.txt
arff input file: data/iris.mds.top.2.arff
seed input file: seeds.txt
output file: cluster.res.txt
Working Directory = /nfs/home/pkchen/wekaUT/standalone.pkc
in iris
reading seeds ...
0, 1, 2, 3, 4, 5, 6, 7, 8, 9, 50, 51, 52, 53, 54, 55, 56, 57, 58, 59, 100, 101, 102, 103, 104, 105, 106, 107, 108, 109, 

number of seeded instances:30; and num of clusters:3
deleting seeds from training data:
0, 1, 2, 3, 4, 5, 6, 7, 8, 9, 50, 51, 52, 53, 54, 55, 56, 57, 58, 59, 100, 101, 102, 103, 104, 105, 106, 107, 108, 109, 

Clustering the iris data with seeding, using seeded KMeans...
with 30 seeds and 120 unlabled instances.

step 0: getting prepared
step 1: building clusters
combinedData has size: 150

Initializing 
Done initializing clustering ...
Doing E-step ...
Number of points moved in this E-step: 150
Doing M-step ...
Objective function is: 151.22057356451623
Doing E-step ...
Number of points moved in this E-step: 30
Doing M-step ...
Objective function is: 73.23486539084216
Doing E-step ...
Number of points moved in this E-step: 6
Doing M-step ...
Objective function is: 69.84703793655686
Doing E-step ...
Number of points moved in this E-step: 3
Doing M-step ...
Objective function is: 69.0817956633288
Doing E-step ...
Number of points moved in this E-step: 5
Doing M-step ...
Objective function is: 67.9945138624168
Doing E-step ...
Number of points moved in this E-step: 3
Doing M-step ...
Objective function is: 67.08330375894964
Doing E-step ...
Number of points moved in this E-step: 5
Doing M-step ...
Objective function is: 65.86444077605923
Doing E-step ...
Number of points moved in this E-step: 4
Doing M-step ...
Objective function is: 64.71045058632103
Doing E-step ...
Number of points moved in this E-step: 4
Doing M-step ...
Objective function is: 64.03549793746775
Doing E-step ...
Number of points moved in this E-step: 1
Doing M-step ...
Objective function is: 63.81994289886612
Doing E-step ...
Number of points moved in this E-step: 0
Doing M-step ...
Old Objective function was: 63.81994289886612
Final Objective function is: 63.81994289886612
step 2: finished clusters
step 3: writing results clusters
now writing clustering results to:cluster.res.txt
finish writing clustering results to:cluster.res.txt
